# JRE version: OpenJDK Runtime Environment (8.0_112-b06) (build 1.8.0_112-release-b06)
# Java VM: OpenJDK 64-Bit Server VM (25.112-b06 mixed mode windows-amd64 compressed oops)
Heap:
 PSYoungGen      total 489472K, used 324950K [0x00000000e0000000, 0x0000000100000000, 0x0000000100000000)
  eden space 454656K, 68% used [0x00000000e0000000,0x00000000f3005fa0,0x00000000fbc00000)
  from space 34816K, 39% used [0x00000000fbc00000,0x00000000fc94fab0,0x00000000fde00000)
  to   space 33792K, 0% used [0x00000000fdf00000,0x00000000fdf00000,0x0000000100000000)
 ParOldGen       total 152064K, used 56676K [0x00000000a0000000, 0x00000000a9480000, 0x00000000e0000000)
  object space 152064K, 37% used [0x00000000a0000000,0x00000000a3759248,0x00000000a9480000)
 Metaspace       used 73039K, capacity 76976K, committed 77144K, reserved 1116160K
  class space    used 9416K, capacity 10054K, committed 10112K, reserved 1048576K
GC Heap History (10 events):
Event: 80.601 GC heap before
{Heap before GC invocations=10 (full 2):
 PSYoungGen      total 243712K, used 138432K [0x00000000e0000000, 0x00000000fcd80000, 0x0000000100000000)
  eden space 228352K, 53% used [0x00000000e0000000,0x00000000e7833940,0x00000000edf00000)
  from space 15360K, 99% used [0x00000000edf00000,0x00000000eedfc8f0,0x00000000eee00000)
  to   space 27136K, 0% used [0x00000000fb300000,0x00000000fb300000,0x00000000fcd80000)
 ParOldGen       total 99328K, used 37869K [0x00000000a0000000, 0x00000000a6100000, 0x00000000e0000000)
  object space 99328K, 38% used [0x00000000a0000000,0x00000000a24fb760,0x00000000a6100000)
 Metaspace       used 56640K, capacity 59026K, committed 59096K, reserved 1099776K
  class space    used 7671K, capacity 8148K, committed 8192K, reserved 1048576K
Event: 80.735 GC heap after
Heap after GC invocations=10 (full 2):
 PSYoungGen      total 434176K, used 23850K [0x00000000e0000000, 0x00000000fcb00000, 0x0000000100000000)
  eden space 409600K, 0% used [0x00000000e0000000,0x00000000e0000000,0x00000000f9000000)
  from space 24576K, 97% used [0x00000000fb300000,0x00000000fca4a9d8,0x00000000fcb00000)
  to   space 30208K, 0% used [0x00000000f9000000,0x00000000f9000000,0x00000000fad80000)
 ParOldGen       total 99328K, used 37877K [0x00000000a0000000, 0x00000000a6100000, 0x00000000e0000000)
  object space 99328K, 38% used [0x00000000a0000000,0x00000000a24fd760,0x00000000a6100000)
 Metaspace       used 56640K, capacity 59026K, committed 59096K, reserved 1099776K
  class space    used 7671K, capacity 8148K, committed 8192K, reserved 1048576K
}
Event: 80.735 GC heap before
{Heap before GC invocations=11 (full 3):
 PSYoungGen      total 434176K, used 23850K [0x00000000e0000000, 0x00000000fcb00000, 0x0000000100000000)
  eden space 409600K, 0% used [0x00000000e0000000,0x00000000e0000000,0x00000000f9000000)
  from space 24576K, 97% used [0x00000000fb300000,0x00000000fca4a9d8,0x00000000fcb00000)
  to   space 30208K, 0% used [0x00000000f9000000,0x00000000f9000000,0x00000000fad80000)
 ParOldGen       total 99328K, used 37877K [0x00000000a0000000, 0x00000000a6100000, 0x00000000e0000000)
  object space 99328K, 38% used [0x00000000a0000000,0x00000000a24fd760,0x00000000a6100000)
 Metaspace       used 56640K, capacity 59026K, committed 59096K, reserved 1099776K
  class space    used 7671K, capacity 8148K, committed 8192K, reserved 1048576K
Event: 81.602 GC heap after
Heap after GC invocations=11 (full 3):
 PSYoungGen      total 434176K, used 0K [0x00000000e0000000, 0x00000000fcb00000, 0x0000000100000000)
  eden space 409600K, 0% used [0x00000000e0000000,0x00000000e0000000,0x00000000f9000000)
  from space 24576K, 0% used [0x00000000fb300000,0x00000000fb300000,0x00000000fcb00000)
  to   space 30208K, 0% used [0x00000000f9000000,0x00000000f9000000,0x00000000fad80000)
 ParOldGen       total 152064K, used 51435K [0x00000000a0000000, 0x00000000a9480000, 0x00000000e0000000)
  object space 152064K, 33% used [0x00000000a0000000,0x00000000a323afe0,0x00000000a9480000)
 Metaspace       used 56640K, capacity 59026K, committed 59096K, reserved 1099776K
  class space    used 7671K, capacity 8148K, committed 8192K, reserved 1048576K
}
Event: 216.626 GC heap before
{Heap before GC invocations=12 (full 3):
 PSYoungGen      total 434176K, used 409600K [0x00000000e0000000, 0x00000000fcb00000, 0x0000000100000000)
  eden space 409600K, 100% used [0x00000000e0000000,0x00000000f9000000,0x00000000f9000000)
  from space 24576K, 0% used [0x00000000fb300000,0x00000000fb300000,0x00000000fcb00000)
  to   space 30208K, 0% used [0x00000000f9000000,0x00000000f9000000,0x00000000fad80000)
 ParOldGen       total 152064K, used 51435K [0x00000000a0000000, 0x00000000a9480000, 0x00000000e0000000)
  object space 152064K, 33% used [0x00000000a0000000,0x00000000a323afe0,0x00000000a9480000)
 Metaspace       used 62800K, capacity 65602K, committed 65880K, reserved 1105920K
  class space    used 8270K, capacity 8801K, committed 8832K, reserved 1048576K
Event: 216.689 GC heap after
Heap after GC invocations=12 (full 3):
 PSYoungGen      total 439808K, used 23510K [0x00000000e0000000, 0x0000000100000000, 0x0000000100000000)
  eden space 409600K, 0% used [0x00000000e0000000,0x00000000e0000000,0x00000000f9000000)
  from space 30208K, 77% used [0x00000000f9000000,0x00000000fa6f5ac8,0x00000000fad80000)
  to   space 31744K, 0% used [0x00000000fe100000,0x00000000fe100000,0x0000000100000000)
 ParOldGen       total 152064K, used 51443K [0x00000000a0000000, 0x00000000a9480000, 0x00000000e0000000)
  object space 152064K, 33% used [0x00000000a0000000,0x00000000a323cfe0,0x00000000a9480000)
 Metaspace       used 62800K, capacity 65602K, committed 65880K, reserved 1105920K
  class space    used 8270K, capacity 8801K, committed 8832K, reserved 1048576K
}
Event: 653.020 GC heap before
{Heap before GC invocations=13 (full 3):
 PSYoungGen      total 439808K, used 433110K [0x00000000e0000000, 0x0000000100000000, 0x0000000100000000)
  eden space 409600K, 100% used [0x00000000e0000000,0x00000000f9000000,0x00000000f9000000)
  from space 30208K, 77% used [0x00000000f9000000,0x00000000fa6f5ac8,0x00000000fad80000)
  to   space 31744K, 0% used [0x00000000fe100000,0x00000000fe100000,0x0000000100000000)
 ParOldGen       total 152064K, used 51443K [0x00000000a0000000, 0x00000000a9480000, 0x00000000e0000000)
  object space 152064K, 33% used [0x00000000a0000000,0x00000000a323cfe0,0x00000000a9480000)
 Metaspace       used 63892K, capacity 67172K, committed 67288K, reserved 1107968K
  class space    used 8353K, capacity 8902K, committed 8960K, reserved 1048576K
Event: 653.096 GC heap after
Heap after GC invocations=13 (full 3):
 PSYoungGen      total 486400K, used 27658K [0x00000000e0000000, 0x0000000100000000, 0x0000000100000000)
  eden space 454656K, 0% used [0x00000000e0000000,0x00000000e0000000,0x00000000fbc00000)
  from space 31744K, 87% used [0x00000000fe100000,0x00000000ffc028d0,0x0000000100000000)
  to   space 34816K, 0% used [0x00000000fbc00000,0x00000000fbc00000,0x00000000fde00000)
 ParOldGen       total 152064K, used 51451K [0x00000000a0000000, 0x00000000a9480000, 0x00000000e0000000)
  object space 152064K, 33% used [0x00000000a0000000,0x00000000a323efe0,0x00000000a9480000)
 Metaspace       used 63892K, capacity 67172K, committed 67288K, reserved 1107968K
  class space    used 8353K, capacity 8902K, committed 8960K, reserved 1048576K
}
Event: 3017.434 GC heap before
{Heap before GC invocations=14 (full 3):
 PSYoungGen      total 486400K, used 482314K [0x00000000e0000000, 0x0000000100000000, 0x0000000100000000)
  eden space 454656K, 100% used [0x00000000e0000000,0x00000000fbc00000,0x00000000fbc00000)
  from space 31744K, 87% used [0x00000000fe100000,0x00000000ffc028d0,0x0000000100000000)
  to   space 34816K, 0% used [0x00000000fbc00000,0x00000000fbc00000,0x00000000fde00000)
 ParOldGen       total 152064K, used 51451K [0x00000000a0000000, 0x00000000a9480000, 0x00000000e0000000)
  object space 152064K, 33% used [0x00000000a0000000,0x00000000a323efe0,0x00000000a9480000)
 Metaspace       used 71111K, capacity 74854K, committed 75096K, reserved 1114112K
  class space    used 9193K, capacity 9783K, committed 9856K, reserved 1048576K
Event: 3017.485 GC heap after
Heap after GC invocations=14 (full 3):
 PSYoungGen      total 489472K, used 13630K [0x00000000e0000000, 0x0000000100000000, 0x0000000100000000)
  eden space 454656K, 0% used [0x00000000e0000000,0x00000000e0000000,0x00000000fbc00000)
  from space 34816K, 39% used [0x00000000fbc00000,0x00000000fc94fab0,0x00000000fde00000)
  to   space 33792K, 0% used [0x00000000fdf00000,0x00000000fdf00000,0x0000000100000000)
 ParOldGen       total 152064K, used 56676K [0x00000000a0000000, 0x00000000a9480000, 0x00000000e0000000)
  object space 152064K, 37% used [0x00000000a0000000,0x00000000a3759248,0x00000000a9480000)
 Metaspace       used 71111K, capacity 74854K, committed 75096K, reserved 1114112K
  class space    used 9193K, capacity 9783K, committed 9856K, reserved 1048576K
}

